2018-09-10 10:59:00.102  INFO 7496 --- [main] com.learning.EurekaServerHaApplication   : The following profiles are active: test
2018-09-10 10:59:00.143  INFO 7496 --- [main] ConfigServletWebServerApplicationContext : Refreshing org.springframework.boot.web.servlet.context.AnnotationConfigServletWebServerApplicationContext@2dc995f4: startup date [Mon Sep 10 10:59:00 CST 2018]; parent: org.springframework.context.annotation.AnnotationConfigApplicationContext@5b239d7d
2018-09-10 10:59:01.311  INFO 7496 --- [main] o.s.b.f.s.DefaultListableBeanFactory     : Overriding bean definition for bean 'environmentWebEndpointExtension' with a different definition: replacing [Root bean: class [null]; scope=; abstract=false; lazyInit=false; autowireMode=3; dependencyCheck=0; autowireCandidate=true; primary=false; factoryBeanName=org.springframework.boot.actuate.autoconfigure.env.EnvironmentEndpointAutoConfiguration; factoryMethodName=environmentWebEndpointExtension; initMethodName=null; destroyMethodName=(inferred); defined in class path resource [org/springframework/boot/actuate/autoconfigure/env/EnvironmentEndpointAutoConfiguration.class]] with [Root bean: class [null]; scope=; abstract=false; lazyInit=false; autowireMode=3; dependencyCheck=0; autowireCandidate=true; primary=false; factoryBeanName=org.springframework.cloud.autoconfigure.LifecycleMvcEndpointAutoConfiguration$EndpointConfiguration; factoryMethodName=environmentWebEndpointExtension; initMethodName=null; destroyMethodName=(inferred); defined in class path resource [org/springframework/cloud/autoconfigure/LifecycleMvcEndpointAutoConfiguration$EndpointConfiguration.class]]
2018-09-10 10:59:01.848  INFO 7496 --- [main] o.s.cloud.context.scope.GenericScope     : BeanFactory id=23476225-84c3-3b10-84cd-6d07924094d0
2018-09-10 10:59:01.884  INFO 7496 --- [main] f.a.AutowiredAnnotationBeanPostProcessor : JSR-330 'javax.inject.Inject' annotation found and supported for autowiring
2018-09-10 10:59:02.071  INFO 7496 --- [main] trationDelegate$BeanPostProcessorChecker : Bean 'org.springframework.cloud.autoconfigure.ConfigurationPropertiesRebinderAutoConfiguration' of type [org.springframework.cloud.autoconfigure.ConfigurationPropertiesRebinderAutoConfiguration$$EnhancerBySpringCGLIB$$16b3511c] is not eligible for getting processed by all BeanPostProcessors (for example: not eligible for auto-proxying)
2018-09-10 10:59:02.622  INFO 7496 --- [main] o.s.b.w.embedded.tomcat.TomcatWebServer  : Tomcat initialized with port(s): 3002 (http)
2018-09-10 10:59:02.662  INFO 7496 --- [main] o.apache.catalina.core.StandardService   : Starting service [Tomcat]
2018-09-10 10:59:02.663  INFO 7496 --- [main] org.apache.catalina.core.StandardEngine  : Starting Servlet Engine: Apache Tomcat/8.5.28
2018-09-10 10:59:02.680  INFO 7496 --- [localhost-startStop-1] o.a.catalina.core.AprLifecycleListener   : The APR based Apache Tomcat Native library which allows optimal performance in production environments was not found on the java.library.path: [E:\Java\JDK\jdk1.8.0_121\bin;C:\Windows\Sun\Java\bin;C:\Windows\system32;C:\Windows;E:/Java/JDK/jdk1.8.0_121/jre/bin/server;E:/Java/JDK/jdk1.8.0_121/jre/bin;E:/Java/JDK/jdk1.8.0_121/jre/lib/amd64;E:\Environment\Oracle\product\11.2.0\client_1\bin;C:\Windows\system32;C:\Windows;C:\Windows\System32\Wbem;C:\Windows\System32\WindowsPowerShell\v1.0\;C:\Windows\System32\OpenSSH\;E:\Java\JDK\jdk1.8.0_77\bin;D:\apache-ant-1.8.2\bin;E:\Environment\Maven\install\apache-maven-3.5.2\bin;E:\Environment\Git\Git\bin;C:\Program Files\TortoiseSVN\bin;E:\Environment\Git\Git\cmd;E:\Environment\Gradle\gradle-2.14.1\bin;E:\Environment\python;C:\Users\82457\AppData\Local\Microsoft\WindowsApps;;D:\install\eclipse-jee-oxygen;;.]
2018-09-10 10:59:03.022  INFO 7496 --- [localhost-startStop-1] o.a.c.c.C.[Tomcat].[localhost].[/]       : Initializing Spring embedded WebApplicationContext
2018-09-10 10:59:03.023  INFO 7496 --- [localhost-startStop-1] o.s.web.context.ContextLoader            : Root WebApplicationContext: initialization completed in 2880 ms
2018-09-10 10:59:05.506  INFO 7496 --- [localhost-startStop-1] o.s.cloud.commons.util.InetUtils         : Cannot determine local hostname
2018-09-10 10:59:06.832  INFO 7496 --- [localhost-startStop-1] o.s.cloud.commons.util.InetUtils         : Cannot determine local hostname
2018-09-10 10:59:07.248  INFO 7496 --- [localhost-startStop-1] o.s.b.w.servlet.FilterRegistrationBean   : Mapping filter: 'characterEncodingFilter' to: [/*]
2018-09-10 10:59:07.248  INFO 7496 --- [localhost-startStop-1] o.s.b.w.servlet.FilterRegistrationBean   : Mapping filter: 'hiddenHttpMethodFilter' to: [/*]
2018-09-10 10:59:07.249  INFO 7496 --- [localhost-startStop-1] o.s.b.w.servlet.FilterRegistrationBean   : Mapping filter: 'httpPutFormContentFilter' to: [/*]
2018-09-10 10:59:07.249  INFO 7496 --- [localhost-startStop-1] o.s.b.w.servlet.FilterRegistrationBean   : Mapping filter: 'requestContextFilter' to: [/*]
2018-09-10 10:59:07.250  INFO 7496 --- [localhost-startStop-1] .s.DelegatingFilterProxyRegistrationBean : Mapping filter: 'springSecurityFilterChain' to: [/*]
2018-09-10 10:59:07.250  INFO 7496 --- [localhost-startStop-1] o.s.b.w.servlet.FilterRegistrationBean   : Mapping filter: 'httpTraceFilter' to: [/*]
2018-09-10 10:59:07.250  INFO 7496 --- [localhost-startStop-1] o.s.b.w.servlet.FilterRegistrationBean   : Mapping filter: 'webMvcMetricsFilter' to: [/*]
2018-09-10 10:59:07.250  INFO 7496 --- [localhost-startStop-1] o.s.b.w.servlet.FilterRegistrationBean   : Mapping filter: 'servletContainer' to urls: [/eureka/*]
2018-09-10 10:59:07.251  INFO 7496 --- [localhost-startStop-1] o.s.b.w.servlet.ServletRegistrationBean  : Servlet dispatcherServlet mapped to [/]
2018-09-10 10:59:07.339  INFO 7496 --- [localhost-startStop-1] c.s.j.s.i.a.WebApplicationImpl           : Initiating Jersey application, version 'Jersey: 1.19.1 03/11/2016 02:08 PM'
2018-09-10 10:59:07.403  INFO 7496 --- [localhost-startStop-1] c.n.d.provider.DiscoveryJerseyProvider   : Using JSON encoding codec LegacyJacksonJson
2018-09-10 10:59:07.405  INFO 7496 --- [localhost-startStop-1] c.n.d.provider.DiscoveryJerseyProvider   : Using JSON decoding codec LegacyJacksonJson
2018-09-10 10:59:07.527  INFO 7496 --- [localhost-startStop-1] c.n.d.provider.DiscoveryJerseyProvider   : Using XML encoding codec XStreamXml
2018-09-10 10:59:07.528  INFO 7496 --- [localhost-startStop-1] c.n.d.provider.DiscoveryJerseyProvider   : Using XML decoding codec XStreamXml
2018-09-10 10:59:08.232  INFO 7496 --- [main] o.s.s.web.DefaultSecurityFilterChain     : Creating filter chain: org.springframework.security.web.util.matcher.AnyRequestMatcher@1, [org.springframework.security.web.context.request.async.WebAsyncManagerIntegrationFilter@5cf3157b, org.springframework.security.web.context.SecurityContextPersistenceFilter@31ddb930, org.springframework.security.web.header.HeaderWriterFilter@534180a2, org.springframework.security.web.authentication.logout.LogoutFilter@439b15f2, org.springframework.security.web.authentication.UsernamePasswordAuthenticationFilter@4adc663e, org.springframework.security.web.authentication.ui.DefaultLoginPageGeneratingFilter@181d8899, org.springframework.security.web.authentication.www.BasicAuthenticationFilter@3e3315d9, org.springframework.security.web.savedrequest.RequestCacheAwareFilter@3c3c4a71, org.springframework.security.web.servletapi.SecurityContextHolderAwareRequestFilter@3d96fa9e, org.springframework.security.web.authentication.AnonymousAuthenticationFilter@625dfff3, org.springframework.security.web.session.SessionManagementFilter@21505815, org.springframework.security.web.access.ExceptionTranslationFilter@ccf91df, org.springframework.security.web.access.intercept.FilterSecurityInterceptor@3f1ed068]
2018-09-10 10:59:08.351  WARN 7496 --- [main] c.n.c.sources.URLConfigurationSource     : No URLs will be polled as dynamic configuration sources.
2018-09-10 10:59:08.352  INFO 7496 --- [main] c.n.c.sources.URLConfigurationSource     : To enable URLs as dynamic configuration sources, define System property archaius.configurationSource.additionalUrls or make config.properties available on classpath.
2018-09-10 10:59:08.360  WARN 7496 --- [main] c.n.c.sources.URLConfigurationSource     : No URLs will be polled as dynamic configuration sources.
2018-09-10 10:59:08.360  INFO 7496 --- [main] c.n.c.sources.URLConfigurationSource     : To enable URLs as dynamic configuration sources, define System property archaius.configurationSource.additionalUrls or make config.properties available on classpath.
2018-09-10 10:59:08.619  INFO 7496 --- [main] s.w.s.m.m.a.RequestMappingHandlerAdapter : Looking for @ControllerAdvice: org.springframework.boot.web.servlet.context.AnnotationConfigServletWebServerApplicationContext@2dc995f4: startup date [Mon Sep 10 10:59:00 CST 2018]; parent: org.springframework.context.annotation.AnnotationConfigApplicationContext@5b239d7d
2018-09-10 10:59:08.732  INFO 7496 --- [main] s.w.s.m.m.a.RequestMappingHandlerMapping : Mapped "{[/error]}" onto public org.springframework.http.ResponseEntity<java.util.Map<java.lang.String, java.lang.Object>> org.springframework.boot.autoconfigure.web.servlet.error.BasicErrorController.error(javax.servlet.http.HttpServletRequest)
2018-09-10 10:59:08.734  INFO 7496 --- [main] s.w.s.m.m.a.RequestMappingHandlerMapping : Mapped "{[/error],produces=[text/html]}" onto public org.springframework.web.servlet.ModelAndView org.springframework.boot.autoconfigure.web.servlet.error.BasicErrorController.errorHtml(javax.servlet.http.HttpServletRequest,javax.servlet.http.HttpServletResponse)
2018-09-10 10:59:08.739  INFO 7496 --- [main] s.w.s.m.m.a.RequestMappingHandlerMapping : Mapped "{[/],methods=[GET]}" onto public java.lang.String org.springframework.cloud.netflix.eureka.server.EurekaController.status(javax.servlet.http.HttpServletRequest,java.util.Map<java.lang.String, java.lang.Object>)
2018-09-10 10:59:08.740  INFO 7496 --- [main] s.w.s.m.m.a.RequestMappingHandlerMapping : Mapped "{[/lastn],methods=[GET]}" onto public java.lang.String org.springframework.cloud.netflix.eureka.server.EurekaController.lastn(javax.servlet.http.HttpServletRequest,java.util.Map<java.lang.String, java.lang.Object>)
2018-09-10 10:59:08.783  INFO 7496 --- [main] o.s.w.s.handler.SimpleUrlHandlerMapping  : Mapped URL path [/webjars/**] onto handler of type [class org.springframework.web.servlet.resource.ResourceHttpRequestHandler]
2018-09-10 10:59:08.783  INFO 7496 --- [main] o.s.w.s.handler.SimpleUrlHandlerMapping  : Mapped URL path [/**] onto handler of type [class org.springframework.web.servlet.resource.ResourceHttpRequestHandler]
2018-09-10 10:59:08.830  INFO 7496 --- [main] o.s.w.s.handler.SimpleUrlHandlerMapping  : Mapped URL path [/**/favicon.ico] onto handler of type [class org.springframework.web.servlet.resource.ResourceHttpRequestHandler]
2018-09-10 10:59:09.284  INFO 7496 --- [main] o.s.ui.freemarker.SpringTemplateLoader   : SpringTemplateLoader for FreeMarker: using resource loader [org.springframework.boot.web.servlet.context.AnnotationConfigServletWebServerApplicationContext@2dc995f4: startup date [Mon Sep 10 10:59:00 CST 2018]; parent: org.springframework.context.annotation.AnnotationConfigApplicationContext@5b239d7d] and template loader path [classpath:/templates/]
2018-09-10 10:59:09.286  INFO 7496 --- [main] o.s.w.s.v.f.FreeMarkerConfigurer         : ClassTemplateLoader for Spring macros added to FreeMarker configuration
2018-09-10 10:59:09.612  INFO 7496 --- [main] o.s.c.n.eureka.InstanceInfoFactory       : Setting initial instance status as: STARTING
2018-09-10 10:59:09.676  INFO 7496 --- [main] com.netflix.discovery.DiscoveryClient    : Initializing Eureka in region us-east-1
2018-09-10 10:59:10.075  INFO 7496 --- [main] c.n.d.provider.DiscoveryJerseyProvider   : Using JSON encoding codec LegacyJacksonJson
2018-09-10 10:59:10.076  INFO 7496 --- [main] c.n.d.provider.DiscoveryJerseyProvider   : Using JSON decoding codec LegacyJacksonJson
2018-09-10 10:59:10.076  INFO 7496 --- [main] c.n.d.provider.DiscoveryJerseyProvider   : Using XML encoding codec XStreamXml
2018-09-10 10:59:10.076  INFO 7496 --- [main] c.n.d.provider.DiscoveryJerseyProvider   : Using XML decoding codec XStreamXml
2018-09-10 10:59:10.247  INFO 7496 --- [main] c.n.d.s.r.aws.ConfigClusterResolver      : Resolving eureka endpoints via configuration
2018-09-10 10:59:10.562  INFO 7496 --- [main] com.netflix.discovery.DiscoveryClient    : Disable delta property : false
2018-09-10 10:59:10.563  INFO 7496 --- [main] com.netflix.discovery.DiscoveryClient    : Single vip registry refresh property : null
2018-09-10 10:59:10.563  INFO 7496 --- [main] com.netflix.discovery.DiscoveryClient    : Force full registry fetch : false
2018-09-10 10:59:10.563  INFO 7496 --- [main] com.netflix.discovery.DiscoveryClient    : Application is null : false
2018-09-10 10:59:10.563  INFO 7496 --- [main] com.netflix.discovery.DiscoveryClient    : Registered Applications size is zero : true
2018-09-10 10:59:10.563  INFO 7496 --- [main] com.netflix.discovery.DiscoveryClient    : Application version is -1: true
2018-09-10 10:59:10.564  INFO 7496 --- [main] com.netflix.discovery.DiscoveryClient    : Getting all instance registry info from the eureka server
2018-09-10 10:59:11.292  INFO 7496 --- [main] com.netflix.discovery.DiscoveryClient    : The response status is 200
2018-09-10 10:59:11.294  INFO 7496 --- [main] com.netflix.discovery.DiscoveryClient    : Starting heartbeat executor: renew interval is: 5
2018-09-10 10:59:11.297  INFO 7496 --- [main] c.n.discovery.InstanceInfoReplicator     : InstanceInfoReplicator onDemand update allowed rate per min is 4
2018-09-10 10:59:11.302  INFO 7496 --- [main] com.netflix.discovery.DiscoveryClient    : Discovery Client initialized at timestamp 1536548351300 with initial instances count: 0
2018-09-10 10:59:11.356  INFO 7496 --- [main] c.n.eureka.DefaultEurekaServerContext    : Initializing ...
2018-09-10 10:59:11.358  INFO 7496 --- [main] c.n.eureka.cluster.PeerEurekaNodes       : Adding new peer nodes [http://admin:admin@node1:3001/eureka/]
2018-09-10 10:59:11.364  INFO 7496 --- [main] c.n.d.provider.DiscoveryJerseyProvider   : Using JSON encoding codec LegacyJacksonJson
2018-09-10 10:59:11.364  INFO 7496 --- [main] c.n.d.provider.DiscoveryJerseyProvider   : Using JSON decoding codec LegacyJacksonJson
2018-09-10 10:59:11.364  INFO 7496 --- [main] c.n.d.provider.DiscoveryJerseyProvider   : Using XML encoding codec XStreamXml
2018-09-10 10:59:11.364  INFO 7496 --- [main] c.n.d.provider.DiscoveryJerseyProvider   : Using XML decoding codec XStreamXml
2018-09-10 10:59:11.514  INFO 7496 --- [main] c.n.eureka.cluster.PeerEurekaNodes       : Replica node URL:  http://admin:admin@node1:3001/eureka/
2018-09-10 10:59:11.529  INFO 7496 --- [main] c.n.e.registry.AbstractInstanceRegistry  : Finished initializing remote region registries. All known remote regions: []
2018-09-10 10:59:11.530  INFO 7496 --- [main] c.n.eureka.DefaultEurekaServerContext    : Initialized
2018-09-10 10:59:11.579  INFO 7496 --- [main] s.b.a.e.w.s.WebMvcEndpointHandlerMapping : Mapped "{[/actuator/health],methods=[GET],produces=[application/vnd.spring-boot.actuator.v2+json || application/json]}" onto public java.lang.Object org.springframework.boot.actuate.endpoint.web.servlet.AbstractWebMvcEndpointHandlerMapping$OperationHandler.handle(javax.servlet.http.HttpServletRequest,java.util.Map<java.lang.String, java.lang.String>)
2018-09-10 10:59:11.581  INFO 7496 --- [main] s.b.a.e.w.s.WebMvcEndpointHandlerMapping : Mapped "{[/actuator/info],methods=[GET],produces=[application/vnd.spring-boot.actuator.v2+json || application/json]}" onto public java.lang.Object org.springframework.boot.actuate.endpoint.web.servlet.AbstractWebMvcEndpointHandlerMapping$OperationHandler.handle(javax.servlet.http.HttpServletRequest,java.util.Map<java.lang.String, java.lang.String>)
2018-09-10 10:59:11.584  INFO 7496 --- [main] s.b.a.e.w.s.WebMvcEndpointHandlerMapping : Mapped "{[/actuator],methods=[GET],produces=[application/vnd.spring-boot.actuator.v2+json || application/json]}" onto protected java.util.Map<java.lang.String, java.util.Map<java.lang.String, org.springframework.boot.actuate.endpoint.web.Link>> org.springframework.boot.actuate.endpoint.web.servlet.WebMvcEndpointHandlerMapping.links(javax.servlet.http.HttpServletRequest,javax.servlet.http.HttpServletResponse)
2018-09-10 10:59:11.737  INFO 7496 --- [main] o.s.j.e.a.AnnotationMBeanExporter        : Registering beans for JMX exposure on startup
2018-09-10 10:59:11.755  INFO 7496 --- [main] o.s.j.e.a.AnnotationMBeanExporter        : Bean with name 'configurationPropertiesRebinder' has been autodetected for JMX exposure
2018-09-10 10:59:11.762  INFO 7496 --- [main] o.s.j.e.a.AnnotationMBeanExporter        : Bean with name 'environmentManager' has been autodetected for JMX exposure
2018-09-10 10:59:11.769  INFO 7496 --- [main] o.s.j.e.a.AnnotationMBeanExporter        : Bean with name 'refreshScope' has been autodetected for JMX exposure
2018-09-10 10:59:11.774  INFO 7496 --- [main] o.s.j.e.a.AnnotationMBeanExporter        : Located managed bean 'environmentManager': registering with JMX server as MBean [org.springframework.cloud.context.environment:name=environmentManager,type=EnvironmentManager]
2018-09-10 10:59:11.818  INFO 7496 --- [main] o.s.j.e.a.AnnotationMBeanExporter        : Located managed bean 'refreshScope': registering with JMX server as MBean [org.springframework.cloud.context.scope.refresh:name=refreshScope,type=RefreshScope]
2018-09-10 10:59:11.843  INFO 7496 --- [main] o.s.j.e.a.AnnotationMBeanExporter        : Located managed bean 'configurationPropertiesRebinder': registering with JMX server as MBean [org.springframework.cloud.context.properties:name=configurationPropertiesRebinder,context=2dc995f4,type=ConfigurationPropertiesRebinder]
2018-09-10 10:59:11.877  INFO 7496 --- [main] o.s.c.support.DefaultLifecycleProcessor  : Starting beans in phase 0
2018-09-10 10:59:11.878  INFO 7496 --- [main] o.s.c.n.e.s.EurekaServiceRegistry        : Registering application microservice-eureka-ha with eureka with status UP
2018-09-10 10:59:11.879  INFO 7496 --- [main] com.netflix.discovery.DiscoveryClient    : Saw local status change event StatusChangeEvent [timestamp=1536548351879, current=UP, previous=STARTING]
2018-09-10 10:59:11.884  INFO 7496 --- [DiscoveryClient-InstanceInfoReplicator-0] com.netflix.discovery.DiscoveryClient    : DiscoveryClient_MICROSERVICE-EUREKA-HA/localhost:microservice-eureka-ha:3002: registering service...
2018-09-10 10:59:11.903  INFO 7496 --- [Thread-13] o.s.c.n.e.server.EurekaServerBootstrap   : Setting the eureka configuration..
2018-09-10 10:59:11.911  INFO 7496 --- [Thread-13] o.s.c.n.e.server.EurekaServerBootstrap   : Eureka data center value eureka.datacenter is not set, defaulting to default
2018-09-10 10:59:11.920  INFO 7496 --- [Thread-13] o.s.c.n.e.server.EurekaServerBootstrap   : Eureka environment value eureka.environment is not set, defaulting to test
2018-09-10 10:59:12.005  INFO 7496 --- [Thread-13] o.s.c.n.e.server.EurekaServerBootstrap   : isAws returned false
2018-09-10 10:59:12.006  INFO 7496 --- [Thread-13] o.s.c.n.e.server.EurekaServerBootstrap   : Initialized server context
2018-09-10 10:59:12.102  INFO 7496 --- [main] o.s.b.w.embedded.tomcat.TomcatWebServer  : Tomcat started on port(s): 3002 (http) with context path ''
2018-09-10 10:59:12.106  INFO 7496 --- [main] .s.c.n.e.s.EurekaAutoServiceRegistration : Updating port to 3002
2018-09-10 10:59:12.118  INFO 7496 --- [main] com.learning.EurekaServerHaApplication   : Started EurekaServerHaApplication in 16.467 seconds (JVM running for 17.048)
2018-09-10 10:59:12.434  INFO 7496 --- [DiscoveryClient-InstanceInfoReplicator-0] com.netflix.discovery.DiscoveryClient    : DiscoveryClient_MICROSERVICE-EUREKA-HA/localhost:microservice-eureka-ha:3002 - registration status: 204
2018-09-10 10:59:13.162  INFO 7496 --- [http-nio-3002-exec-10] o.a.c.c.C.[Tomcat].[localhost].[/]       : Initializing Spring FrameworkServlet 'dispatcherServlet'
2018-09-10 10:59:13.162  INFO 7496 --- [http-nio-3002-exec-10] o.s.web.servlet.DispatcherServlet        : FrameworkServlet 'dispatcherServlet': initialization started
2018-09-10 10:59:13.187  INFO 7496 --- [http-nio-3002-exec-10] o.s.web.servlet.DispatcherServlet        : FrameworkServlet 'dispatcherServlet': initialization completed in 25 ms
2018-09-10 10:59:13.447  INFO 7496 --- [http-nio-3002-exec-10] c.n.e.registry.AbstractInstanceRegistry  : Registered instance MICROSERVICE-EUREKA-HA/localhost:microservice-eureka-ha:3002 with status UP (replication=true)
2018-09-10 10:59:13.471  WARN 7496 --- [http-nio-3002-exec-7] c.n.e.registry.AbstractInstanceRegistry  : DS: Registry: lease doesn't exist, registering resource: MICROSERVICE-EUREKA-HA - localhost:microservice-eureka-ha:3001
2018-09-10 10:59:13.471  WARN 7496 --- [http-nio-3002-exec-7] c.n.eureka.resources.InstanceResource    : Not Found (Renew): MICROSERVICE-EUREKA-HA - localhost:microservice-eureka-ha:3001
2018-09-10 10:59:13.505  INFO 7496 --- [http-nio-3002-exec-6] c.n.e.registry.AbstractInstanceRegistry  : Registered instance MICROSERVICE-EUREKA-HA/localhost:microservice-eureka-ha:3001 with status UP (replication=false)
2018-09-10 10:59:14.168  INFO 7496 --- [http-nio-3002-exec-3] c.n.e.registry.AbstractInstanceRegistry  : Registered instance MICROSERVICE-EUREKA-HA/localhost:microservice-eureka-ha:3002 with status UP (replication=true)
2018-09-10 10:59:41.295  INFO 7496 --- [DiscoveryClient-CacheRefreshExecutor-0] com.netflix.discovery.DiscoveryClient    : Disable delta property : false
2018-09-10 10:59:41.295  INFO 7496 --- [DiscoveryClient-CacheRefreshExecutor-0] com.netflix.discovery.DiscoveryClient    : Single vip registry refresh property : null
2018-09-10 10:59:41.295  INFO 7496 --- [DiscoveryClient-CacheRefreshExecutor-0] com.netflix.discovery.DiscoveryClient    : Force full registry fetch : false
2018-09-10 10:59:41.296  INFO 7496 --- [DiscoveryClient-CacheRefreshExecutor-0] com.netflix.discovery.DiscoveryClient    : Application is null : false
2018-09-10 10:59:41.296  INFO 7496 --- [DiscoveryClient-CacheRefreshExecutor-0] com.netflix.discovery.DiscoveryClient    : Registered Applications size is zero : true
2018-09-10 10:59:41.296  INFO 7496 --- [DiscoveryClient-CacheRefreshExecutor-0] com.netflix.discovery.DiscoveryClient    : Application version is -1: false
2018-09-10 10:59:41.296  INFO 7496 --- [DiscoveryClient-CacheRefreshExecutor-0] com.netflix.discovery.DiscoveryClient    : Getting all instance registry info from the eureka server
2018-09-10 10:59:41.302  INFO 7496 --- [DiscoveryClient-CacheRefreshExecutor-0] com.netflix.discovery.DiscoveryClient    : The response status is 200
2018-09-10 10:59:42.018  INFO 7496 --- [Thread-13] c.n.e.registry.AbstractInstanceRegistry  : Registered instance MICROSERVICE-EUREKA-HA/localhost:microservice-eureka-ha:3001 with status UP (replication=true)
2018-09-10 10:59:42.019  INFO 7496 --- [Thread-13] c.n.e.registry.AbstractInstanceRegistry  : Registered instance MICROSERVICE-EUREKA-HA/localhost:microservice-eureka-ha:3002 with status UP (replication=true)
2018-09-10 10:59:42.019  INFO 7496 --- [Thread-13] c.n.e.r.PeerAwareInstanceRegistryImpl    : Got 2 instances from neighboring DS node
2018-09-10 10:59:42.019  INFO 7496 --- [Thread-13] c.n.e.r.PeerAwareInstanceRegistryImpl    : Renew threshold is: 3
2018-09-10 10:59:42.019  INFO 7496 --- [Thread-13] c.n.e.r.PeerAwareInstanceRegistryImpl    : Changing status to UP
2018-09-10 10:59:42.025  INFO 7496 --- [Thread-13] e.s.EurekaServerInitializerConfiguration : Started Eureka Server
2018-09-10 11:00:08.291  INFO 7496 --- [http-nio-3002-exec-4] c.n.e.registry.AbstractInstanceRegistry  : Registered instance LEARNING-SPRING-CLOUD-MICROSERVICE-PROVIDER-SIMPLE/learning-spring-cloud-microservice-provider-simple with status UP (replication=true)
2018-09-10 11:00:16.059  INFO 7496 --- [http-nio-3002-exec-3] c.n.e.registry.AbstractInstanceRegistry  : Registered instance LEARNING-SPRING-CLOUD-MICROSERVICE-COMSUMER-SIMPLE-FEIGN-HYSTRIX/learning-spring-cloud-microservice-comsumer-simple-feign-hystrix:10001 with status UP (replication=true)
2018-09-10 11:00:42.020  INFO 7496 --- [Eureka-EvictionTimer] c.n.e.registry.AbstractInstanceRegistry  : Running the evict task with compensationTime 0ms
2018-09-10 11:01:03.244  INFO 7496 --- [http-nio-3002-exec-9] c.n.e.registry.AbstractInstanceRegistry  : Registered instance LEARNING-SPRING-CLOUD-MICROSERVICE-COMSUMER-SIMPLE-FEIGN-HYSTRIX/learning-spring-cloud-microservice-comsumer-simple-feign-hystrix:10001 with status UP (replication=true)
2018-09-10 11:01:42.022  INFO 7496 --- [Eureka-EvictionTimer] c.n.e.registry.AbstractInstanceRegistry  : Running the evict task with compensationTime 0ms
2018-09-10 11:02:42.022  INFO 7496 --- [Eureka-EvictionTimer] c.n.e.registry.AbstractInstanceRegistry  : Running the evict task with compensationTime 0ms
2018-09-10 11:02:42.022  INFO 7496 --- [Eureka-EvictionTimer] c.n.e.registry.AbstractInstanceRegistry  : Evicting 1 items (expired=1, evictionLimit=1)
2018-09-10 11:02:42.022  WARN 7496 --- [Eureka-EvictionTimer] c.n.e.registry.AbstractInstanceRegistry  : DS: Registry: expired lease for LEARNING-SPRING-CLOUD-MICROSERVICE-COMSUMER-SIMPLE-FEIGN-HYSTRIX/learning-spring-cloud-microservice-comsumer-simple-feign-hystrix:10001
2018-09-10 11:02:42.024  INFO 7496 --- [Eureka-EvictionTimer] c.n.e.registry.AbstractInstanceRegistry  : Cancelled instance LEARNING-SPRING-CLOUD-MICROSERVICE-COMSUMER-SIMPLE-FEIGN-HYSTRIX/learning-spring-cloud-microservice-comsumer-simple-feign-hystrix:10001 (replication=false)
2018-09-10 11:02:43.249  INFO 7496 --- [http-nio-3002-exec-3] c.n.e.registry.AbstractInstanceRegistry  : Registered instance LEARNING-SPRING-CLOUD-MICROSERVICE-COMSUMER-SIMPLE-FEIGN-HYSTRIX/learning-spring-cloud-microservice-comsumer-simple-feign-hystrix:10001 with status UP (replication=true)
2018-09-10 11:03:42.023  INFO 7496 --- [Eureka-EvictionTimer] c.n.e.registry.AbstractInstanceRegistry  : Running the evict task with compensationTime 0ms
2018-09-10 11:04:10.572  INFO 7496 --- [AsyncResolver-bootstrap-executor-0] c.n.d.s.r.aws.ConfigClusterResolver      : Resolving eureka endpoints via configuration
2018-09-10 11:04:42.024  INFO 7496 --- [Eureka-EvictionTimer] c.n.e.registry.AbstractInstanceRegistry  : Running the evict task with compensationTime 0ms
2018-09-10 11:05:42.025  INFO 7496 --- [Eureka-EvictionTimer] c.n.e.registry.AbstractInstanceRegistry  : Running the evict task with compensationTime 0ms
2018-09-10 11:06:42.027  INFO 7496 --- [Eureka-EvictionTimer] c.n.e.registry.AbstractInstanceRegistry  : Running the evict task with compensationTime 0ms
